{
  "stats": {
    "suites": 1,
    "tests": 3,
    "passes": 3,
    "pending": 0,
    "failures": 0,
    "start": "2026-06-04T06:01:28.969Z",
    "end": "2026-06-04T06:01:37.243Z",
    "duration": 8274,
    "testsRegistered": 3,
    "passPercent": 100,
    "pendingPercent": 0,
    "other": 0,
    "hasOther": false,
    "skipped": 0,
    "hasSkipped": false
  },
  "results": [
    {
      "uuid": "0a6f2ff1-169c-4a5d-9dc2-2affea14ab5f",
      "title": "",
      "fullFile": "cypress\\e2e\\saucedemo.cy.js",
      "file": "cypress\\e2e\\saucedemo.cy.js",
      "beforeHooks": [],
      "afterHooks": [],
      "tests": [],
      "suites": [
        {
          "uuid": "f6bb1874-a5e4-4f06-a3b1-9ef2501bcc48",
          "title": "Automatización SauceDemo",
          "fullFile": "",
          "file": "",
          "beforeHooks": [],
          "afterHooks": [],
          "tests": [
            {
              "title": "Login válido",
              "fullTitle": "Automatización SauceDemo Login válido",
              "timedOut": null,
              "duration": 2221,
              "state": "passed",
              "speed": "fast",
              "pass": true,
              "fail": false,
              "pending": false,
              "context": null,
              "code": "cy.get('[data-test=\"username\"]').type('standard_user');\ncy.get('[data-test=\"password\"]').type('secret_sauce');\ncy.get('[data-test=\"login-button\"]').click();\ncy.url().should('include', '/inventory.html');",
              "err": {},
              "uuid": "33e62fc1-3f84-4eb3-b11d-2c05d3206ff7",
              "parentUUID": "f6bb1874-a5e4-4f06-a3b1-9ef2501bcc48",
              "isHook": false,
              "skipped": false
            },
            {
              "title": "Login inválido",
              "fullTitle": "Automatización SauceDemo Login inválido",
              "timedOut": null,
              "duration": 1116,
              "state": "passed",
              "speed": "fast",
              "pass": true,
              "fail": false,
              "pending": false,
              "context": null,
              "code": "cy.get('[data-test=\"username\"]').type('usuario_falso');\ncy.get('[data-test=\"password\"]').type('123456');\ncy.get('[data-test=\"login-button\"]').click();\ncy.get('[data-test=\"error\"]').should('contain', 'Username and password do not match');",
              "err": {},
              "uuid": "40b3325f-1080-4694-bf75-9a99dd87191c",
              "parentUUID": "f6bb1874-a5e4-4f06-a3b1-9ef2501bcc48",
              "isHook": false,
              "skipped": false
            },
            {
              "title": "Compra completa",
              "fullTitle": "Automatización SauceDemo Compra completa",
              "timedOut": null,
              "duration": 2470,
              "state": "passed",
              "speed": "fast",
              "pass": true,
              "fail": false,
              "pending": false,
              "context": null,
              "code": "cy.get('[data-test=\"username\"]').type('standard_user');\ncy.get('[data-test=\"password\"]').type('secret_sauce');\ncy.get('[data-test=\"login-button\"]').click();\ncy.get('[data-test=\"add-to-cart-sauce-labs-backpack\"]').click();\ncy.get('[data-test=\"add-to-cart-sauce-labs-bike-light\"]').click();\ncy.get('.shopping_cart_link').click();\ncy.get('[data-test=\"checkout\"]').click();\ncy.get('[data-test=\"firstName\"]').type('Juan');\ncy.get('[data-test=\"lastName\"]').type('Perez');\ncy.get('[data-test=\"postalCode\"]').type('01001');\ncy.get('[data-test=\"continue\"]').click();\ncy.get('[data-test=\"finish\"]').click();\ncy.get('.complete-header').should('contain', 'Thank you for your order!');",
              "err": {},
              "uuid": "1fb1ac89-2c64-4d13-a66a-14aa90bb3431",
              "parentUUID": "f6bb1874-a5e4-4f06-a3b1-9ef2501bcc48",
              "isHook": false,
              "skipped": false
            }
          ],
          "suites": [],
          "passes": [
            "33e62fc1-3f84-4eb3-b11d-2c05d3206ff7",
            "40b3325f-1080-4694-bf75-9a99dd87191c",
            "1fb1ac89-2c64-4d13-a66a-14aa90bb3431"
          ],
          "failures": [],
          "pending": [],
          "skipped": [],
          "duration": 5807,
          "root": false,
          "rootEmpty": false,
          "_timeout": 2000
        }
      ],
      "passes": [],
      "failures": [],
      "pending": [],
      "skipped": [],
      "duration": 0,
      "root": true,
      "rootEmpty": true,
      "_timeout": 2000
    }
  ],
  "meta": {
    "mocha": {
      "version": "7.2.0"
    },
    "mochawesome": {
      "options": {
        "quiet": false,
        "reportFilename": "mochawesome",
        "saveHtml": true,
        "saveJson": true,
        "consoleReporter": "spec",
        "useInlineDiffs": false,
        "code": true
      },
      "version": "7.1.4"
    },
    "marge": {
      "options": {
        "reportDir": "mochawesome-report",
        "overwrite": false,
        "html": true,
        "json": true
      },
      "version": "6.3.2"
    }
  }
}