{
  "stats": {
    "suites": 1,
    "tests": 1,
    "passes": 0,
    "pending": 0,
    "failures": 1,
    "start": "2026-06-06T04:09:03.230Z",
    "end": "2026-06-06T04:09:48.968Z",
    "duration": 45738,
    "testsRegistered": 1,
    "passPercent": 0,
    "pendingPercent": 0,
    "other": 0,
    "hasOther": false,
    "skipped": 0,
    "hasSkipped": false
  },
  "results": [
    {
      "uuid": "2eb8b43d-84e2-479c-98e0-0be55ee254a7",
      "title": "",
      "fullFile": "cypress\\e2e\\06_datos_iniciales.cy.js",
      "file": "cypress\\e2e\\06_datos_iniciales.cy.js",
      "beforeHooks": [],
      "afterHooks": [],
      "tests": [],
      "suites": [
        {
          "uuid": "3901fcae-91ef-46e3-8994-df65a4e38a58",
          "title": "MAKISHOP - Carga de datos iniciales",
          "fullFile": "",
          "file": "",
          "beforeHooks": [],
          "afterHooks": [],
          "tests": [
            {
              "title": "Crear clientes en contactos",
              "fullTitle": "MAKISHOP - Carga de datos iniciales Crear clientes en contactos",
              "timedOut": null,
              "duration": 45710,
              "state": "failed",
              "speed": null,
              "pass": false,
              "fail": true,
              "pending": false,
              "context": null,
              "code": "login();\nclientes.forEach(cliente => {\n  cy.log(`Creando cliente: ${cliente.nombre}`);\n  cy.visit('/odoo/contacts/new');\n  cy.get('.o_form_view').should('be.visible');\n  cy.wait(2000);\n  // Tipo persona\n  cy.get('input[data-value=\"person\"]').click({\n    force: true\n  });\n  cy.wait(1000);\n  // Nombre — esperar que esté habilitado\n  cy.get('.o_field_widget[name=\"name\"] input').should('not.be.disabled').clear({\n    force: true\n  }).type(cliente.nombre, {\n    force: true\n  });\n  cy.wait(500);\n  cy.get('.o_field_widget[name=\"name\"] input').type('{esc}');\n  cy.wait(500);\n  // Email\n  cy.get('.o_field_widget[name=\"email\"] input').clear().type(cliente.email);\n  // Teléfono\n  cy.get('.o_field_widget[name=\"phone\"] input').clear().type(cliente.telefono);\n  // Guardar\n  cy.get('.o_form_button_save').click();\n  cy.wait(2000);\n});",
              "err": {
                "message": "TypeError: The following error originated from your application code, not from Cypress. It was caused by an unhandled promise rejection.\n\n  > Failed to fetch\n\nWhen Cypress detects uncaught errors originating from your application it will automatically fail the current test.\n\nThis behavior is configurable, and you can choose to turn this off by listening to the `uncaught:exception` event.\n\nhttps://on.cypress.io/uncaught-exception-from-application",
                "estack": "TypeError: The following error originated from your application code, not from Cypress. It was caused by an unhandled promise rejection.\n\n  > Failed to fetch\n\nWhen Cypress detects uncaught errors originating from your application it will automatically fail the current test.\n\nThis behavior is configurable, and you can choose to turn this off by listening to the `uncaught:exception` event.\n\nhttps://on.cypress.io/uncaught-exception-from-application",
                "diff": null
              },
              "uuid": "acb274b9-2cbb-4d1f-ad75-e1e2a434b7f1",
              "parentUUID": "3901fcae-91ef-46e3-8994-df65a4e38a58",
              "isHook": false,
              "skipped": false
            }
          ],
          "suites": [],
          "passes": [],
          "failures": [
            "acb274b9-2cbb-4d1f-ad75-e1e2a434b7f1"
          ],
          "pending": [],
          "skipped": [],
          "duration": 45710,
          "root": false,
          "rootEmpty": false,
          "_timeout": 2000
        }
      ],
      "passes": [],
      "failures": [],
      "pending": [],
      "skipped": [],
      "duration": 0,
      "root": true,
      "rootEmpty": true,
      "_timeout": 2000
    }
  ],
  "meta": {
    "mocha": {
      "version": "7.2.0"
    },
    "mochawesome": {
      "options": {
        "quiet": false,
        "reportFilename": "mochawesome",
        "saveHtml": true,
        "saveJson": true,
        "consoleReporter": "spec",
        "useInlineDiffs": false,
        "code": true
      },
      "version": "7.1.4"
    },
    "marge": {
      "options": {
        "reportDir": "mochawesome-report",
        "overwrite": false,
        "html": true,
        "json": true
      },
      "version": "6.3.2"
    }
  }
}