{
  "stats": {
    "suites": 1,
    "tests": 3,
    "passes": 3,
    "pending": 0,
    "failures": 0,
    "start": "2026-06-04T05:45:57.610Z",
    "end": "2026-06-04T05:46:05.740Z",
    "duration": 8130,
    "testsRegistered": 3,
    "passPercent": 100,
    "pendingPercent": 0,
    "other": 0,
    "hasOther": false,
    "skipped": 0,
    "hasSkipped": false
  },
  "results": [
    {
      "uuid": "979344aa-64d8-4229-b1e3-7963e74f738b",
      "title": "",
      "fullFile": "cypress\\e2e\\saucedemo.cy.js",
      "file": "cypress\\e2e\\saucedemo.cy.js",
      "beforeHooks": [],
      "afterHooks": [],
      "tests": [],
      "suites": [
        {
          "uuid": "26723bd7-71a7-4ec6-8011-9ba2eb7a83b1",
          "title": "Automatización SauceDemo",
          "fullFile": "",
          "file": "",
          "beforeHooks": [],
          "afterHooks": [],
          "tests": [
            {
              "title": "Login válido",
              "fullTitle": "Automatización SauceDemo Login válido",
              "timedOut": null,
              "duration": 2148,
              "state": "passed",
              "speed": "fast",
              "pass": true,
              "fail": false,
              "pending": false,
              "context": null,
              "code": "cy.get('[data-test=\"username\"]').type('standard_user');\ncy.get('[data-test=\"password\"]').type('secret_sauce');\ncy.get('[data-test=\"login-button\"]').click();\ncy.url().should('include', '/inventory.html');",
              "err": {},
              "uuid": "336f8fc4-79f2-43f6-8487-243de75ff223",
              "parentUUID": "26723bd7-71a7-4ec6-8011-9ba2eb7a83b1",
              "isHook": false,
              "skipped": false
            },
            {
              "title": "Login inválido",
              "fullTitle": "Automatización SauceDemo Login inválido",
              "timedOut": null,
              "duration": 1090,
              "state": "passed",
              "speed": "fast",
              "pass": true,
              "fail": false,
              "pending": false,
              "context": null,
              "code": "cy.get('[data-test=\"username\"]').type('usuario_falso');\ncy.get('[data-test=\"password\"]').type('123456');\ncy.get('[data-test=\"login-button\"]').click();\ncy.get('[data-test=\"error\"]').should('contain', 'Username and password do not match');",
              "err": {},
              "uuid": "084f73b7-79a0-4de3-8faf-f99399d09980",
              "parentUUID": "26723bd7-71a7-4ec6-8011-9ba2eb7a83b1",
              "isHook": false,
              "skipped": false
            },
            {
              "title": "Compra completa",
              "fullTitle": "Automatización SauceDemo Compra completa",
              "timedOut": null,
              "duration": 2521,
              "state": "passed",
              "speed": "fast",
              "pass": true,
              "fail": false,
              "pending": false,
              "context": null,
              "code": "cy.get('[data-test=\"username\"]').type('standard_user');\ncy.get('[data-test=\"password\"]').type('secret_sauce');\ncy.get('[data-test=\"login-button\"]').click();\ncy.get('[data-test=\"add-to-cart-sauce-labs-backpack\"]').click();\ncy.get('[data-test=\"add-to-cart-sauce-labs-bike-light\"]').click();\ncy.get('.shopping_cart_link').click();\ncy.get('[data-test=\"checkout\"]').click();\ncy.get('[data-test=\"firstName\"]').type('Juan');\ncy.get('[data-test=\"lastName\"]').type('Perez');\ncy.get('[data-test=\"postalCode\"]').type('01001');\ncy.get('[data-test=\"continue\"]').click();\ncy.get('[data-test=\"finish\"]').click();\ncy.get('.complete-header').should('contain', 'Thank you for your order!');",
              "err": {},
              "uuid": "7480e4d2-0cde-44fb-b710-72b80ec57ada",
              "parentUUID": "26723bd7-71a7-4ec6-8011-9ba2eb7a83b1",
              "isHook": false,
              "skipped": false
            }
          ],
          "suites": [],
          "passes": [
            "336f8fc4-79f2-43f6-8487-243de75ff223",
            "084f73b7-79a0-4de3-8faf-f99399d09980",
            "7480e4d2-0cde-44fb-b710-72b80ec57ada"
          ],
          "failures": [],
          "pending": [],
          "skipped": [],
          "duration": 5759,
          "root": false,
          "rootEmpty": false,
          "_timeout": 2000
        }
      ],
      "passes": [],
      "failures": [],
      "pending": [],
      "skipped": [],
      "duration": 0,
      "root": true,
      "rootEmpty": true,
      "_timeout": 2000
    }
  ],
  "meta": {
    "mocha": {
      "version": "7.2.0"
    },
    "mochawesome": {
      "options": {
        "quiet": false,
        "reportFilename": "mochawesome",
        "saveHtml": true,
        "saveJson": true,
        "consoleReporter": "spec",
        "useInlineDiffs": false,
        "code": true
      },
      "version": "7.1.4"
    },
    "marge": {
      "options": null,
      "version": "6.3.2"
    }
  }
}